Running tests...
Test project /root/build_testsuite_cve_2017_15232
        Start   1: tjunittest-shared
  1/300 Test   #1: tjunittest-shared .................................   Passed    3.80 sec
        Start   2: tjunittest-shared-alloc
  2/300 Test   #2: tjunittest-shared-alloc ...........................   Passed    3.80 sec
        Start   3: tjunittest-shared-yuv
  3/300 Test   #3: tjunittest-shared-yuv .............................   Passed    2.56 sec
        Start   4: tjunittest-shared-yuv-alloc
  4/300 Test   #4: tjunittest-shared-yuv-alloc .......................   Passed    2.57 sec
        Start   5: tjunittest-shared-yuv-nopad
  5/300 Test   #5: tjunittest-shared-yuv-nopad .......................   Passed    2.57 sec
        Start   6: tjbench-shared-tile-cp
  6/300 Test   #6: tjbench-shared-tile-cp ............................   Passed    0.01 sec
        Start   7: tjbench-shared-tile
  7/300 Test   #7: tjbench-shared-tile ...............................   Passed    0.55 sec
        Start   8: tjbench-shared-tile-gray-8x8-cmp
  8/300 Test   #8: tjbench-shared-tile-gray-8x8-cmp ..................   Passed    0.00 sec
        Start   9: tjbench-shared-tile-420-8x8-cmp
  9/300 Test   #9: tjbench-shared-tile-420-8x8-cmp ...................   Passed    0.00 sec
        Start  10: tjbench-shared-tile-422-8x8-cmp
 10/300 Test  #10: tjbench-shared-tile-422-8x8-cmp ...................   Passed    0.00 sec
        Start  11: tjbench-shared-tile-444-8x8-cmp
 11/300 Test  #11: tjbench-shared-tile-444-8x8-cmp ...................   Passed    0.00 sec
        Start  12: tjbench-shared-tile-gray-16x16-cmp
 12/300 Test  #12: tjbench-shared-tile-gray-16x16-cmp ................   Passed    0.00 sec
        Start  13: tjbench-shared-tile-420-16x16-cmp
 13/300 Test  #13: tjbench-shared-tile-420-16x16-cmp .................   Passed    0.00 sec
        Start  14: tjbench-shared-tile-422-16x16-cmp
 14/300 Test  #14: tjbench-shared-tile-422-16x16-cmp .................   Passed    0.00 sec
        Start  15: tjbench-shared-tile-444-16x16-cmp
 15/300 Test  #15: tjbench-shared-tile-444-16x16-cmp .................   Passed    0.00 sec
        Start  16: tjbench-shared-tile-gray-32x32-cmp
 16/300 Test  #16: tjbench-shared-tile-gray-32x32-cmp ................   Passed    0.00 sec
        Start  17: tjbench-shared-tile-420-32x32-cmp
 17/300 Test  #17: tjbench-shared-tile-420-32x32-cmp .................   Passed    0.00 sec
        Start  18: tjbench-shared-tile-422-32x32-cmp
 18/300 Test  #18: tjbench-shared-tile-422-32x32-cmp .................   Passed    0.00 sec
        Start  19: tjbench-shared-tile-444-32x32-cmp
 19/300 Test  #19: tjbench-shared-tile-444-32x32-cmp .................   Passed    0.00 sec
        Start  20: tjbench-shared-tile-gray-64x64-cmp
 20/300 Test  #20: tjbench-shared-tile-gray-64x64-cmp ................   Passed    0.00 sec
        Start  21: tjbench-shared-tile-420-64x64-cmp
 21/300 Test  #21: tjbench-shared-tile-420-64x64-cmp .................   Passed    0.00 sec
        Start  22: tjbench-shared-tile-422-64x64-cmp
 22/300 Test  #22: tjbench-shared-tile-422-64x64-cmp .................   Passed    0.00 sec
        Start  23: tjbench-shared-tile-444-64x64-cmp
 23/300 Test  #23: tjbench-shared-tile-444-64x64-cmp .................   Passed    0.00 sec
        Start  24: tjbench-shared-tile-gray-128x128-cmp
 24/300 Test  #24: tjbench-shared-tile-gray-128x128-cmp ..............   Passed    0.00 sec
        Start  25: tjbench-shared-tile-420-128x128-cmp
 25/300 Test  #25: tjbench-shared-tile-420-128x128-cmp ...............   Passed    0.00 sec
        Start  26: tjbench-shared-tile-422-128x128-cmp
 26/300 Test  #26: tjbench-shared-tile-422-128x128-cmp ...............   Passed    0.00 sec
        Start  27: tjbench-shared-tile-444-128x128-cmp
 27/300 Test  #27: tjbench-shared-tile-444-128x128-cmp ...............   Passed    0.00 sec
        Start  28: tjbench-shared-tilem-cp
 28/300 Test  #28: tjbench-shared-tilem-cp ...........................   Passed    0.01 sec
        Start  29: tjbench-shared-tilem
 29/300 Test  #29: tjbench-shared-tilem ..............................   Passed    0.54 sec
        Start  30: tjbench-shared-tile-420m-8x8-cmp
 30/300 Test  #30: tjbench-shared-tile-420m-8x8-cmp ..................   Passed    0.00 sec
        Start  31: tjbench-shared-tile-422m-8x8-cmp
 31/300 Test  #31: tjbench-shared-tile-422m-8x8-cmp ..................   Passed    0.00 sec
        Start  32: tjbench-shared-tile-420m-16x16-cmp
 32/300 Test  #32: tjbench-shared-tile-420m-16x16-cmp ................   Passed    0.00 sec
        Start  33: tjbench-shared-tile-422m-16x16-cmp
 33/300 Test  #33: tjbench-shared-tile-422m-16x16-cmp ................   Passed    0.00 sec
        Start  34: tjbench-shared-tile-420m-32x32-cmp
 34/300 Test  #34: tjbench-shared-tile-420m-32x32-cmp ................   Passed    0.00 sec
        Start  35: tjbench-shared-tile-422m-32x32-cmp
 35/300 Test  #35: tjbench-shared-tile-422m-32x32-cmp ................   Passed    0.00 sec
        Start  36: tjbench-shared-tile-420m-64x64-cmp
 36/300 Test  #36: tjbench-shared-tile-420m-64x64-cmp ................   Passed    0.00 sec
        Start  37: tjbench-shared-tile-422m-64x64-cmp
 37/300 Test  #37: tjbench-shared-tile-422m-64x64-cmp ................   Passed    0.00 sec
        Start  38: tjbench-shared-tile-420m-128x128-cmp
 38/300 Test  #38: tjbench-shared-tile-420m-128x128-cmp ..............   Passed    0.00 sec
        Start  39: tjbench-shared-tile-422m-128x128-cmp
 39/300 Test  #39: tjbench-shared-tile-422m-128x128-cmp ..............   Passed    0.00 sec
        Start  40: cjpeg-shared-rgb-islow
 40/300 Test  #40: cjpeg-shared-rgb-islow ............................   Passed    0.01 sec
        Start  41: cjpeg-shared-rgb-islow-cmp
 41/300 Test  #41: cjpeg-shared-rgb-islow-cmp ........................   Passed    0.00 sec
        Start  42: djpeg-shared-rgb-islow
 42/300 Test  #42: djpeg-shared-rgb-islow ............................   Passed    0.00 sec
        Start  43: djpeg-shared-rgb-islow-cmp
 43/300 Test  #43: djpeg-shared-rgb-islow-cmp ........................   Passed    0.00 sec
        Start  44: djpeg-shared-rgb-islow-icc-cmp
 44/300 Test  #44: djpeg-shared-rgb-islow-icc-cmp ....................   Passed    0.00 sec
        Start  45: jpegtran-shared-icc
 45/300 Test  #45: jpegtran-shared-icc ...............................   Passed    0.01 sec
        Start  46: jpegtran-shared-icc-cmp
 46/300 Test  #46: jpegtran-shared-icc-cmp ...........................   Passed    0.00 sec
        Start  47: djpeg-shared-rgb-islow-565
 47/300 Test  #47: djpeg-shared-rgb-islow-565 ........................   Passed    0.00 sec
        Start  48: djpeg-shared-rgb-islow-565-cmp
 48/300 Test  #48: djpeg-shared-rgb-islow-565-cmp ....................   Passed    0.00 sec
        Start  49: djpeg-shared-rgb-islow-565D
 49/300 Test  #49: djpeg-shared-rgb-islow-565D .......................   Passed    0.00 sec
        Start  50: djpeg-shared-rgb-islow-565D-cmp
 50/300 Test  #50: djpeg-shared-rgb-islow-565D-cmp ...................   Passed    0.00 sec
        Start  51: cjpeg-shared-422-ifast-opt
 51/300 Test  #51: cjpeg-shared-422-ifast-opt ........................   Passed    0.00 sec
        Start  52: cjpeg-shared-422-ifast-opt-cmp
 52/300 Test  #52: cjpeg-shared-422-ifast-opt-cmp ....................   Passed    0.00 sec
        Start  53: djpeg-shared-422-ifast
 53/300 Test  #53: djpeg-shared-422-ifast ............................   Passed    0.00 sec
        Start  54: djpeg-shared-422-ifast-cmp
 54/300 Test  #54: djpeg-shared-422-ifast-cmp ........................   Passed    0.00 sec
        Start  55: djpeg-shared-422m-ifast
 55/300 Test  #55: djpeg-shared-422m-ifast ...........................   Passed    0.00 sec
        Start  56: djpeg-shared-422m-ifast-cmp
 56/300 Test  #56: djpeg-shared-422m-ifast-cmp .......................   Passed    0.00 sec
        Start  57: djpeg-shared-422m-ifast-565
 57/300 Test  #57: djpeg-shared-422m-ifast-565 .......................   Passed    0.00 sec
        Start  58: djpeg-shared-422m-ifast-565-cmp
 58/300 Test  #58: djpeg-shared-422m-ifast-565-cmp ...................   Passed    0.00 sec
        Start  59: djpeg-shared-422m-ifast-565D
 59/300 Test  #59: djpeg-shared-422m-ifast-565D ......................   Passed    0.00 sec
        Start  60: djpeg-shared-422m-ifast-565D-cmp
 60/300 Test  #60: djpeg-shared-422m-ifast-565D-cmp ..................   Passed    0.00 sec
        Start  61: cjpeg-shared-420-q100-ifast-prog
 61/300 Test  #61: cjpeg-shared-420-q100-ifast-prog ..................   Passed    0.01 sec
        Start  62: cjpeg-shared-420-q100-ifast-prog-cmp
 62/300 Test  #62: cjpeg-shared-420-q100-ifast-prog-cmp ..............   Passed    0.00 sec
        Start  63: djpeg-shared-420-q100-ifast-prog
 63/300 Test  #63: djpeg-shared-420-q100-ifast-prog ..................   Passed    0.00 sec
        Start  64: djpeg-shared-420-q100-ifast-prog-cmp
 64/300 Test  #64: djpeg-shared-420-q100-ifast-prog-cmp ..............   Passed    0.00 sec
        Start  65: djpeg-shared-420m-q100-ifast-prog
 65/300 Test  #65: djpeg-shared-420m-q100-ifast-prog .................   Passed    0.00 sec
        Start  66: djpeg-shared-420m-q100-ifast-prog-cmp
 66/300 Test  #66: djpeg-shared-420m-q100-ifast-prog-cmp .............   Passed    0.00 sec
        Start  67: cjpeg-shared-gray-islow
 67/300 Test  #67: cjpeg-shared-gray-islow ...........................   Passed    0.00 sec
        Start  68: cjpeg-shared-gray-islow-cmp
 68/300 Test  #68: cjpeg-shared-gray-islow-cmp .......................   Passed    0.00 sec
        Start  69: djpeg-shared-gray-islow
 69/300 Test  #69: djpeg-shared-gray-islow ...........................   Passed    0.00 sec
        Start  70: djpeg-shared-gray-islow-cmp
 70/300 Test  #70: djpeg-shared-gray-islow-cmp .......................   Passed    0.00 sec
        Start  71: djpeg-shared-gray-islow-rgb
 71/300 Test  #71: djpeg-shared-gray-islow-rgb .......................   Passed    0.00 sec
        Start  72: djpeg-shared-gray-islow-rgb-cmp
 72/300 Test  #72: djpeg-shared-gray-islow-rgb-cmp ...................   Passed    0.00 sec
        Start  73: djpeg-shared-gray-islow-565
 73/300 Test  #73: djpeg-shared-gray-islow-565 .......................   Passed    0.00 sec
        Start  74: djpeg-shared-gray-islow-565-cmp
 74/300 Test  #74: djpeg-shared-gray-islow-565-cmp ...................   Passed    0.00 sec
        Start  75: djpeg-shared-gray-islow-565D
 75/300 Test  #75: djpeg-shared-gray-islow-565D ......................   Passed    0.00 sec
        Start  76: djpeg-shared-gray-islow-565D-cmp
 76/300 Test  #76: djpeg-shared-gray-islow-565D-cmp ..................   Passed    0.00 sec
        Start  77: cjpeg-shared-420s-ifast-opt
 77/300 Test  #77: cjpeg-shared-420s-ifast-opt .......................   Passed    0.00 sec
        Start  78: cjpeg-shared-420s-ifast-opt-cmp
 78/300 Test  #78: cjpeg-shared-420s-ifast-opt-cmp ...................   Passed    0.00 sec
        Start  79: cjpeg-shared-3x2-float-prog
 79/300 Test  #79: cjpeg-shared-3x2-float-prog .......................   Passed    0.00 sec
        Start  80: cjpeg-shared-3x2-float-prog-cmp
 80/300 Test  #80: cjpeg-shared-3x2-float-prog-cmp ...................   Passed    0.00 sec
        Start  81: djpeg-shared-3x2-float-prog
 81/300 Test  #81: djpeg-shared-3x2-float-prog .......................   Passed    0.00 sec
        Start  82: djpeg-shared-3x2-float-prog-cmp
 82/300 Test  #82: djpeg-shared-3x2-float-prog-cmp ...................   Passed    0.00 sec
        Start  83: cjpeg-shared-3x2-ifast-prog
 83/300 Test  #83: cjpeg-shared-3x2-ifast-prog .......................   Passed    0.00 sec
        Start  84: cjpeg-shared-3x2-ifast-prog-cmp
 84/300 Test  #84: cjpeg-shared-3x2-ifast-prog-cmp ...................   Passed    0.00 sec
        Start  85: djpeg-shared-3x2-ifast-prog
 85/300 Test  #85: djpeg-shared-3x2-ifast-prog .......................   Passed    0.00 sec
        Start  86: djpeg-shared-3x2-ifast-prog-cmp
 86/300 Test  #86: djpeg-shared-3x2-ifast-prog-cmp ...................   Passed    0.00 sec
        Start  87: cjpeg-shared-420-islow-ari
 87/300 Test  #87: cjpeg-shared-420-islow-ari ........................   Passed    0.00 sec
        Start  88: cjpeg-shared-420-islow-ari-cmp
 88/300 Test  #88: cjpeg-shared-420-islow-ari-cmp ....................   Passed    0.00 sec
        Start  89: jpegtran-shared-420-islow-ari
 89/300 Test  #89: jpegtran-shared-420-islow-ari .....................   Passed    0.00 sec
        Start  90: jpegtran-shared-420-islow-ari-cmp
 90/300 Test  #90: jpegtran-shared-420-islow-ari-cmp .................   Passed    0.00 sec
        Start  91: cjpeg-shared-444-islow-progari
 91/300 Test  #91: cjpeg-shared-444-islow-progari ....................   Passed    0.00 sec
        Start  92: cjpeg-shared-444-islow-progari-cmp
 92/300 Test  #92: cjpeg-shared-444-islow-progari-cmp ................   Passed    0.00 sec
        Start  93: djpeg-shared-420m-ifast-ari
 93/300 Test  #93: djpeg-shared-420m-ifast-ari .......................   Passed    0.00 sec
        Start  94: djpeg-shared-420m-ifast-ari-cmp
 94/300 Test  #94: djpeg-shared-420m-ifast-ari-cmp ...................   Passed    0.00 sec
        Start  95: jpegtran-shared-420-islow
 95/300 Test  #95: jpegtran-shared-420-islow .........................   Passed    0.00 sec
        Start  96: jpegtran-shared-420-islow-cmp
 96/300 Test  #96: jpegtran-shared-420-islow-cmp .....................   Passed    0.00 sec
        Start  97: djpeg-shared-420m-islow-2_1
 97/300 Test  #97: djpeg-shared-420m-islow-2_1 .......................   Passed    0.00 sec
        Start  98: djpeg-shared-420m-islow-2_1-cmp
 98/300 Test  #98: djpeg-shared-420m-islow-2_1-cmp ...................   Passed    0.00 sec
        Start  99: djpeg-shared-420m-islow-15_8
 99/300 Test  #99: djpeg-shared-420m-islow-15_8 ......................   Passed    0.00 sec
        Start 100: djpeg-shared-420m-islow-15_8-cmp
100/300 Test #100: djpeg-shared-420m-islow-15_8-cmp ..................   Passed    0.00 sec
        Start 101: djpeg-shared-420m-islow-13_8
101/300 Test #101: djpeg-shared-420m-islow-13_8 ......................   Passed    0.00 sec
        Start 102: djpeg-shared-420m-islow-13_8-cmp
102/300 Test #102: djpeg-shared-420m-islow-13_8-cmp ..................   Passed    0.00 sec
        Start 103: djpeg-shared-420m-islow-11_8
103/300 Test #103: djpeg-shared-420m-islow-11_8 ......................   Passed    0.00 sec
        Start 104: djpeg-shared-420m-islow-11_8-cmp
104/300 Test #104: djpeg-shared-420m-islow-11_8-cmp ..................   Passed    0.00 sec
        Start 105: djpeg-shared-420m-islow-9_8
105/300 Test #105: djpeg-shared-420m-islow-9_8 .......................   Passed    0.00 sec
        Start 106: djpeg-shared-420m-islow-9_8-cmp
106/300 Test #106: djpeg-shared-420m-islow-9_8-cmp ...................   Passed    0.00 sec
        Start 107: djpeg-shared-420m-islow-7_8
107/300 Test #107: djpeg-shared-420m-islow-7_8 .......................   Passed    0.00 sec
        Start 108: djpeg-shared-420m-islow-7_8-cmp
108/300 Test #108: djpeg-shared-420m-islow-7_8-cmp ...................   Passed    0.00 sec
        Start 109: djpeg-shared-420m-islow-3_4
109/300 Test #109: djpeg-shared-420m-islow-3_4 .......................   Passed    0.00 sec
        Start 110: djpeg-shared-420m-islow-3_4-cmp
110/300 Test #110: djpeg-shared-420m-islow-3_4-cmp ...................   Passed    0.00 sec
        Start 111: djpeg-shared-420m-islow-5_8
111/300 Test #111: djpeg-shared-420m-islow-5_8 .......................   Passed    0.00 sec
        Start 112: djpeg-shared-420m-islow-5_8-cmp
112/300 Test #112: djpeg-shared-420m-islow-5_8-cmp ...................   Passed    0.00 sec
        Start 113: djpeg-shared-420m-islow-1_2
113/300 Test #113: djpeg-shared-420m-islow-1_2 .......................   Passed    0.00 sec
        Start 114: djpeg-shared-420m-islow-1_2-cmp
114/300 Test #114: djpeg-shared-420m-islow-1_2-cmp ...................   Passed    0.00 sec
        Start 115: djpeg-shared-420m-islow-3_8
115/300 Test #115: djpeg-shared-420m-islow-3_8 .......................   Passed    0.00 sec
        Start 116: djpeg-shared-420m-islow-3_8-cmp
116/300 Test #116: djpeg-shared-420m-islow-3_8-cmp ...................   Passed    0.00 sec
        Start 117: djpeg-shared-420m-islow-1_4
117/300 Test #117: djpeg-shared-420m-islow-1_4 .......................   Passed    0.00 sec
        Start 118: djpeg-shared-420m-islow-1_4-cmp
118/300 Test #118: djpeg-shared-420m-islow-1_4-cmp ...................   Passed    0.00 sec
        Start 119: djpeg-shared-420m-islow-1_8
119/300 Test #119: djpeg-shared-420m-islow-1_8 .......................   Passed    0.00 sec
        Start 120: djpeg-shared-420m-islow-1_8-cmp
120/300 Test #120: djpeg-shared-420m-islow-1_8-cmp ...................   Passed    0.00 sec
        Start 121: djpeg-shared-420-islow-256
121/300 Test #121: djpeg-shared-420-islow-256 ........................   Passed    0.01 sec
        Start 122: djpeg-shared-420-islow-256-cmp
122/300 Test #122: djpeg-shared-420-islow-256-cmp ....................   Passed    0.00 sec
        Start 123: djpeg-shared-420-islow-565
123/300 Test #123: djpeg-shared-420-islow-565 ........................   Passed    0.00 sec
        Start 124: djpeg-shared-420-islow-565-cmp
124/300 Test #124: djpeg-shared-420-islow-565-cmp ....................   Passed    0.00 sec
        Start 125: djpeg-shared-420-islow-565D
125/300 Test #125: djpeg-shared-420-islow-565D .......................   Passed    0.00 sec
        Start 126: djpeg-shared-420-islow-565D-cmp
126/300 Test #126: djpeg-shared-420-islow-565D-cmp ...................   Passed    0.00 sec
        Start 127: djpeg-shared-420m-islow-565
127/300 Test #127: djpeg-shared-420m-islow-565 .......................   Passed    0.00 sec
        Start 128: djpeg-shared-420m-islow-565-cmp
128/300 Test #128: djpeg-shared-420m-islow-565-cmp ...................   Passed    0.00 sec
        Start 129: djpeg-shared-420m-islow-565D
129/300 Test #129: djpeg-shared-420m-islow-565D ......................   Passed    0.00 sec
        Start 130: djpeg-shared-420m-islow-565D-cmp
130/300 Test #130: djpeg-shared-420m-islow-565D-cmp ..................   Passed    0.00 sec
        Start 131: djpeg-shared-420-islow-skip15_31
131/300 Test #131: djpeg-shared-420-islow-skip15_31 ..................   Passed    0.00 sec
        Start 132: djpeg-shared-420-islow-skip15_31-cmp
132/300 Test #132: djpeg-shared-420-islow-skip15_31-cmp ..............   Passed    0.00 sec
        Start 133: djpeg-shared-420-islow-ari-skip16_139
133/300 Test #133: djpeg-shared-420-islow-ari-skip16_139 .............   Passed    0.00 sec
        Start 134: djpeg-shared-420-islow-ari-skip16_139-cmp
134/300 Test #134: djpeg-shared-420-islow-ari-skip16_139-cmp .........   Passed    0.00 sec
        Start 135: cjpeg-shared-420-islow-prog
135/300 Test #135: cjpeg-shared-420-islow-prog .......................   Passed    0.00 sec
        Start 136: djpeg-shared-420-islow-prog-crop62x62_71_71
136/300 Test #136: djpeg-shared-420-islow-prog-crop62x62_71_71 .......   Passed    0.00 sec
        Start 137: djpeg-shared-420-islow-prog-crop62x62_71_71-cmp
137/300 Test #137: djpeg-shared-420-islow-prog-crop62x62_71_71-cmp ...   Passed    0.00 sec
        Start 138: djpeg-shared-420-islow-ari-crop53x53_4_4
138/300 Test #138: djpeg-shared-420-islow-ari-crop53x53_4_4 ..........   Passed    0.00 sec
        Start 139: djpeg-shared-420-islow-ari-crop53x53_4_4-cmp
139/300 Test #139: djpeg-shared-420-islow-ari-crop53x53_4_4-cmp ......   Passed    0.00 sec
        Start 140: cjpeg-shared-444-islow
140/300 Test #140: cjpeg-shared-444-islow ............................   Passed    0.00 sec
        Start 141: djpeg-shared-444-islow-skip1_6
141/300 Test #141: djpeg-shared-444-islow-skip1_6 ....................   Passed    0.00 sec
        Start 142: djpeg-shared-444-islow-skip1_6-cmp
142/300 Test #142: djpeg-shared-444-islow-skip1_6-cmp ................   Passed    0.00 sec
        Start 143: cjpeg-shared-444-islow-prog
143/300 Test #143: cjpeg-shared-444-islow-prog .......................   Passed    0.01 sec
        Start 144: djpeg-shared-444-islow-prog-crop98x98_13_13
144/300 Test #144: djpeg-shared-444-islow-prog-crop98x98_13_13 .......   Passed    0.00 sec
        Start 145: djpeg-shared-444-islow-prog-crop98x98_13_13-cmp
145/300 Test #145: djpeg-shared-444-islow-prog-crop98x98_13_13-cmp ...   Passed    0.00 sec
        Start 146: cjpeg-shared-444-islow-ari
146/300 Test #146: cjpeg-shared-444-islow-ari ........................   Passed    0.00 sec
        Start 147: djpeg-shared-444-islow-ari-crop37x37_0_0
147/300 Test #147: djpeg-shared-444-islow-ari-crop37x37_0_0 ..........   Passed    0.00 sec
        Start 148: djpeg-shared-444-islow-ari-crop37x37_0_0-cmp
148/300 Test #148: djpeg-shared-444-islow-ari-crop37x37_0_0-cmp ......   Passed    0.00 sec
        Start 149: jpegtran-shared-crop
149/300 Test #149: jpegtran-shared-crop ..............................   Passed    0.00 sec
        Start 150: jpegtran-shared-crop-cmp
150/300 Test #150: jpegtran-shared-crop-cmp ..........................   Passed    0.00 sec
        Start 151: tjunittest-static
151/300 Test #151: tjunittest-static .................................   Passed    3.77 sec
        Start 152: tjunittest-static-alloc
152/300 Test #152: tjunittest-static-alloc ...........................   Passed    3.76 sec
        Start 153: tjunittest-static-yuv
153/300 Test #153: tjunittest-static-yuv .............................   Passed    2.58 sec
        Start 154: tjunittest-static-yuv-alloc
154/300 Test #154: tjunittest-static-yuv-alloc .......................   Passed    2.59 sec
        Start 155: tjunittest-static-yuv-nopad
155/300 Test #155: tjunittest-static-yuv-nopad .......................   Passed    2.62 sec
        Start 156: tjbench-static-tile-cp
156/300 Test #156: tjbench-static-tile-cp ............................   Passed    0.01 sec
        Start 157: tjbench-static-tile
157/300 Test #157: tjbench-static-tile ...............................   Passed    0.54 sec
        Start 158: tjbench-static-tile-gray-8x8-cmp
158/300 Test #158: tjbench-static-tile-gray-8x8-cmp ..................   Passed    0.00 sec
        Start 159: tjbench-static-tile-420-8x8-cmp
159/300 Test #159: tjbench-static-tile-420-8x8-cmp ...................   Passed    0.00 sec
        Start 160: tjbench-static-tile-422-8x8-cmp
160/300 Test #160: tjbench-static-tile-422-8x8-cmp ...................   Passed    0.00 sec
        Start 161: tjbench-static-tile-444-8x8-cmp
161/300 Test #161: tjbench-static-tile-444-8x8-cmp ...................   Passed    0.00 sec
        Start 162: tjbench-static-tile-gray-16x16-cmp
162/300 Test #162: tjbench-static-tile-gray-16x16-cmp ................   Passed    0.00 sec
        Start 163: tjbench-static-tile-420-16x16-cmp
163/300 Test #163: tjbench-static-tile-420-16x16-cmp .................   Passed    0.00 sec
        Start 164: tjbench-static-tile-422-16x16-cmp
164/300 Test #164: tjbench-static-tile-422-16x16-cmp .................   Passed    0.00 sec
        Start 165: tjbench-static-tile-444-16x16-cmp
165/300 Test #165: tjbench-static-tile-444-16x16-cmp .................   Passed    0.00 sec
        Start 166: tjbench-static-tile-gray-32x32-cmp
166/300 Test #166: tjbench-static-tile-gray-32x32-cmp ................   Passed    0.00 sec
        Start 167: tjbench-static-tile-420-32x32-cmp
167/300 Test #167: tjbench-static-tile-420-32x32-cmp .................   Passed    0.00 sec
        Start 168: tjbench-static-tile-422-32x32-cmp
168/300 Test #168: tjbench-static-tile-422-32x32-cmp .................   Passed    0.00 sec
        Start 169: tjbench-static-tile-444-32x32-cmp
169/300 Test #169: tjbench-static-tile-444-32x32-cmp .................   Passed    0.00 sec
        Start 170: tjbench-static-tile-gray-64x64-cmp
170/300 Test #170: tjbench-static-tile-gray-64x64-cmp ................   Passed    0.00 sec
        Start 171: tjbench-static-tile-420-64x64-cmp
171/300 Test #171: tjbench-static-tile-420-64x64-cmp .................   Passed    0.00 sec
        Start 172: tjbench-static-tile-422-64x64-cmp
172/300 Test #172: tjbench-static-tile-422-64x64-cmp .................   Passed    0.00 sec
        Start 173: tjbench-static-tile-444-64x64-cmp
173/300 Test #173: tjbench-static-tile-444-64x64-cmp .................   Passed    0.00 sec
        Start 174: tjbench-static-tile-gray-128x128-cmp
174/300 Test #174: tjbench-static-tile-gray-128x128-cmp ..............   Passed    0.00 sec
        Start 175: tjbench-static-tile-420-128x128-cmp
175/300 Test #175: tjbench-static-tile-420-128x128-cmp ...............   Passed    0.00 sec
        Start 176: tjbench-static-tile-422-128x128-cmp
176/300 Test #176: tjbench-static-tile-422-128x128-cmp ...............   Passed    0.00 sec
        Start 177: tjbench-static-tile-444-128x128-cmp
177/300 Test #177: tjbench-static-tile-444-128x128-cmp ...............   Passed    0.00 sec
        Start 178: tjbench-static-tilem-cp
178/300 Test #178: tjbench-static-tilem-cp ...........................   Passed    0.01 sec
        Start 179: tjbench-static-tilem
179/300 Test #179: tjbench-static-tilem ..............................   Passed    0.54 sec
        Start 180: tjbench-static-tile-420m-8x8-cmp
180/300 Test #180: tjbench-static-tile-420m-8x8-cmp ..................   Passed    0.00 sec
        Start 181: tjbench-static-tile-422m-8x8-cmp
181/300 Test #181: tjbench-static-tile-422m-8x8-cmp ..................   Passed    0.00 sec
        Start 182: tjbench-static-tile-420m-16x16-cmp
182/300 Test #182: tjbench-static-tile-420m-16x16-cmp ................   Passed    0.00 sec
        Start 183: tjbench-static-tile-422m-16x16-cmp
183/300 Test #183: tjbench-static-tile-422m-16x16-cmp ................   Passed    0.00 sec
        Start 184: tjbench-static-tile-420m-32x32-cmp
184/300 Test #184: tjbench-static-tile-420m-32x32-cmp ................   Passed    0.00 sec
        Start 185: tjbench-static-tile-422m-32x32-cmp
185/300 Test #185: tjbench-static-tile-422m-32x32-cmp ................   Passed    0.00 sec
        Start 186: tjbench-static-tile-420m-64x64-cmp
186/300 Test #186: tjbench-static-tile-420m-64x64-cmp ................   Passed    0.00 sec
        Start 187: tjbench-static-tile-422m-64x64-cmp
187/300 Test #187: tjbench-static-tile-422m-64x64-cmp ................   Passed    0.00 sec
        Start 188: tjbench-static-tile-420m-128x128-cmp
188/300 Test #188: tjbench-static-tile-420m-128x128-cmp ..............   Passed    0.00 sec
        Start 189: tjbench-static-tile-422m-128x128-cmp
189/300 Test #189: tjbench-static-tile-422m-128x128-cmp ..............   Passed    0.00 sec
        Start 190: cjpeg-static-rgb-islow
190/300 Test #190: cjpeg-static-rgb-islow ............................   Passed    0.01 sec
        Start 191: cjpeg-static-rgb-islow-cmp
191/300 Test #191: cjpeg-static-rgb-islow-cmp ........................   Passed    0.00 sec
        Start 192: djpeg-static-rgb-islow
192/300 Test #192: djpeg-static-rgb-islow ............................   Passed    0.00 sec
        Start 193: djpeg-static-rgb-islow-cmp
193/300 Test #193: djpeg-static-rgb-islow-cmp ........................   Passed    0.00 sec
        Start 194: djpeg-static-rgb-islow-icc-cmp
194/300 Test #194: djpeg-static-rgb-islow-icc-cmp ....................   Passed    0.00 sec
        Start 195: jpegtran-static-icc
195/300 Test #195: jpegtran-static-icc ...............................   Passed    0.01 sec
        Start 196: jpegtran-static-icc-cmp
196/300 Test #196: jpegtran-static-icc-cmp ...........................   Passed    0.00 sec
        Start 197: djpeg-static-rgb-islow-565
197/300 Test #197: djpeg-static-rgb-islow-565 ........................   Passed    0.00 sec
        Start 198: djpeg-static-rgb-islow-565-cmp
198/300 Test #198: djpeg-static-rgb-islow-565-cmp ....................   Passed    0.00 sec
        Start 199: djpeg-static-rgb-islow-565D
199/300 Test #199: djpeg-static-rgb-islow-565D .......................   Passed    0.00 sec
        Start 200: djpeg-static-rgb-islow-565D-cmp
200/300 Test #200: djpeg-static-rgb-islow-565D-cmp ...................   Passed    0.00 sec
        Start 201: cjpeg-static-422-ifast-opt
201/300 Test #201: cjpeg-static-422-ifast-opt ........................   Passed    0.00 sec
        Start 202: cjpeg-static-422-ifast-opt-cmp
202/300 Test #202: cjpeg-static-422-ifast-opt-cmp ....................   Passed    0.00 sec
        Start 203: djpeg-static-422-ifast
203/300 Test #203: djpeg-static-422-ifast ............................   Passed    0.00 sec
        Start 204: djpeg-static-422-ifast-cmp
204/300 Test #204: djpeg-static-422-ifast-cmp ........................   Passed    0.00 sec
        Start 205: djpeg-static-422m-ifast
205/300 Test #205: djpeg-static-422m-ifast ...........................   Passed    0.00 sec
        Start 206: djpeg-static-422m-ifast-cmp
206/300 Test #206: djpeg-static-422m-ifast-cmp .......................   Passed    0.00 sec
        Start 207: djpeg-static-422m-ifast-565
207/300 Test #207: djpeg-static-422m-ifast-565 .......................   Passed    0.00 sec
        Start 208: djpeg-static-422m-ifast-565-cmp
208/300 Test #208: djpeg-static-422m-ifast-565-cmp ...................   Passed    0.00 sec
        Start 209: djpeg-static-422m-ifast-565D
209/300 Test #209: djpeg-static-422m-ifast-565D ......................   Passed    0.00 sec
        Start 210: djpeg-static-422m-ifast-565D-cmp
210/300 Test #210: djpeg-static-422m-ifast-565D-cmp ..................   Passed    0.00 sec
        Start 211: cjpeg-static-420-q100-ifast-prog
211/300 Test #211: cjpeg-static-420-q100-ifast-prog ..................   Passed    0.01 sec
        Start 212: cjpeg-static-420-q100-ifast-prog-cmp
212/300 Test #212: cjpeg-static-420-q100-ifast-prog-cmp ..............   Passed    0.00 sec
        Start 213: djpeg-static-420-q100-ifast-prog
213/300 Test #213: djpeg-static-420-q100-ifast-prog ..................   Passed    0.00 sec
        Start 214: djpeg-static-420-q100-ifast-prog-cmp
214/300 Test #214: djpeg-static-420-q100-ifast-prog-cmp ..............   Passed    0.00 sec
        Start 215: djpeg-static-420m-q100-ifast-prog
215/300 Test #215: djpeg-static-420m-q100-ifast-prog .................   Passed    0.00 sec
        Start 216: djpeg-static-420m-q100-ifast-prog-cmp
216/300 Test #216: djpeg-static-420m-q100-ifast-prog-cmp .............   Passed    0.00 sec
        Start 217: cjpeg-static-gray-islow
217/300 Test #217: cjpeg-static-gray-islow ...........................   Passed    0.00 sec
        Start 218: cjpeg-static-gray-islow-cmp
218/300 Test #218: cjpeg-static-gray-islow-cmp .......................   Passed    0.00 sec
        Start 219: djpeg-static-gray-islow
219/300 Test #219: djpeg-static-gray-islow ...........................   Passed    0.00 sec
        Start 220: djpeg-static-gray-islow-cmp
220/300 Test #220: djpeg-static-gray-islow-cmp .......................   Passed    0.00 sec
        Start 221: djpeg-static-gray-islow-rgb
221/300 Test #221: djpeg-static-gray-islow-rgb .......................   Passed    0.00 sec
        Start 222: djpeg-static-gray-islow-rgb-cmp
222/300 Test #222: djpeg-static-gray-islow-rgb-cmp ...................   Passed    0.00 sec
        Start 223: djpeg-static-gray-islow-565
223/300 Test #223: djpeg-static-gray-islow-565 .......................   Passed    0.00 sec
        Start 224: djpeg-static-gray-islow-565-cmp
224/300 Test #224: djpeg-static-gray-islow-565-cmp ...................   Passed    0.00 sec
        Start 225: djpeg-static-gray-islow-565D
225/300 Test #225: djpeg-static-gray-islow-565D ......................   Passed    0.00 sec
        Start 226: djpeg-static-gray-islow-565D-cmp
226/300 Test #226: djpeg-static-gray-islow-565D-cmp ..................   Passed    0.00 sec
        Start 227: cjpeg-static-420s-ifast-opt
227/300 Test #227: cjpeg-static-420s-ifast-opt .......................   Passed    0.00 sec
        Start 228: cjpeg-static-420s-ifast-opt-cmp
228/300 Test #228: cjpeg-static-420s-ifast-opt-cmp ...................   Passed    0.00 sec
        Start 229: cjpeg-static-3x2-float-prog
229/300 Test #229: cjpeg-static-3x2-float-prog .......................   Passed    0.00 sec
        Start 230: cjpeg-static-3x2-float-prog-cmp
230/300 Test #230: cjpeg-static-3x2-float-prog-cmp ...................   Passed    0.00 sec
        Start 231: djpeg-static-3x2-float-prog
231/300 Test #231: djpeg-static-3x2-float-prog .......................   Passed    0.00 sec
        Start 232: djpeg-static-3x2-float-prog-cmp
232/300 Test #232: djpeg-static-3x2-float-prog-cmp ...................   Passed    0.00 sec
        Start 233: cjpeg-static-3x2-ifast-prog
233/300 Test #233: cjpeg-static-3x2-ifast-prog .......................   Passed    0.00 sec
        Start 234: cjpeg-static-3x2-ifast-prog-cmp
234/300 Test #234: cjpeg-static-3x2-ifast-prog-cmp ...................   Passed    0.00 sec
        Start 235: djpeg-static-3x2-ifast-prog
235/300 Test #235: djpeg-static-3x2-ifast-prog .......................   Passed    0.00 sec
        Start 236: djpeg-static-3x2-ifast-prog-cmp
236/300 Test #236: djpeg-static-3x2-ifast-prog-cmp ...................   Passed    0.00 sec
        Start 237: cjpeg-static-420-islow-ari
237/300 Test #237: cjpeg-static-420-islow-ari ........................   Passed    0.00 sec
        Start 238: cjpeg-static-420-islow-ari-cmp
238/300 Test #238: cjpeg-static-420-islow-ari-cmp ....................   Passed    0.00 sec
        Start 239: jpegtran-static-420-islow-ari
239/300 Test #239: jpegtran-static-420-islow-ari .....................   Passed    0.00 sec
        Start 240: jpegtran-static-420-islow-ari-cmp
240/300 Test #240: jpegtran-static-420-islow-ari-cmp .................   Passed    0.00 sec
        Start 241: cjpeg-static-444-islow-progari
241/300 Test #241: cjpeg-static-444-islow-progari ....................   Passed    0.00 sec
        Start 242: cjpeg-static-444-islow-progari-cmp
242/300 Test #242: cjpeg-static-444-islow-progari-cmp ................   Passed    0.00 sec
        Start 243: djpeg-static-420m-ifast-ari
243/300 Test #243: djpeg-static-420m-ifast-ari .......................   Passed    0.00 sec
        Start 244: djpeg-static-420m-ifast-ari-cmp
244/300 Test #244: djpeg-static-420m-ifast-ari-cmp ...................   Passed    0.00 sec
        Start 245: jpegtran-static-420-islow
245/300 Test #245: jpegtran-static-420-islow .........................   Passed    0.00 sec
        Start 246: jpegtran-static-420-islow-cmp
246/300 Test #246: jpegtran-static-420-islow-cmp .....................   Passed    0.00 sec
        Start 247: djpeg-static-420m-islow-2_1
247/300 Test #247: djpeg-static-420m-islow-2_1 .......................   Passed    0.00 sec
        Start 248: djpeg-static-420m-islow-2_1-cmp
248/300 Test #248: djpeg-static-420m-islow-2_1-cmp ...................   Passed    0.00 sec
        Start 249: djpeg-static-420m-islow-15_8
249/300 Test #249: djpeg-static-420m-islow-15_8 ......................   Passed    0.00 sec
        Start 250: djpeg-static-420m-islow-15_8-cmp
250/300 Test #250: djpeg-static-420m-islow-15_8-cmp ..................   Passed    0.00 sec
        Start 251: djpeg-static-420m-islow-13_8
251/300 Test #251: djpeg-static-420m-islow-13_8 ......................   Passed    0.00 sec
        Start 252: djpeg-static-420m-islow-13_8-cmp
252/300 Test #252: djpeg-static-420m-islow-13_8-cmp ..................   Passed    0.00 sec
        Start 253: djpeg-static-420m-islow-11_8
253/300 Test #253: djpeg-static-420m-islow-11_8 ......................   Passed    0.00 sec
        Start 254: djpeg-static-420m-islow-11_8-cmp
254/300 Test #254: djpeg-static-420m-islow-11_8-cmp ..................   Passed    0.00 sec
        Start 255: djpeg-static-420m-islow-9_8
255/300 Test #255: djpeg-static-420m-islow-9_8 .......................   Passed    0.00 sec
        Start 256: djpeg-static-420m-islow-9_8-cmp
256/300 Test #256: djpeg-static-420m-islow-9_8-cmp ...................   Passed    0.00 sec
        Start 257: djpeg-static-420m-islow-7_8
257/300 Test #257: djpeg-static-420m-islow-7_8 .......................   Passed    0.00 sec
        Start 258: djpeg-static-420m-islow-7_8-cmp
258/300 Test #258: djpeg-static-420m-islow-7_8-cmp ...................   Passed    0.00 sec
        Start 259: djpeg-static-420m-islow-3_4
259/300 Test #259: djpeg-static-420m-islow-3_4 .......................   Passed    0.00 sec
        Start 260: djpeg-static-420m-islow-3_4-cmp
260/300 Test #260: djpeg-static-420m-islow-3_4-cmp ...................   Passed    0.00 sec
        Start 261: djpeg-static-420m-islow-5_8
261/300 Test #261: djpeg-static-420m-islow-5_8 .......................   Passed    0.00 sec
        Start 262: djpeg-static-420m-islow-5_8-cmp
262/300 Test #262: djpeg-static-420m-islow-5_8-cmp ...................   Passed    0.00 sec
        Start 263: djpeg-static-420m-islow-1_2
263/300 Test #263: djpeg-static-420m-islow-1_2 .......................   Passed    0.00 sec
        Start 264: djpeg-static-420m-islow-1_2-cmp
264/300 Test #264: djpeg-static-420m-islow-1_2-cmp ...................   Passed    0.00 sec
        Start 265: djpeg-static-420m-islow-3_8
265/300 Test #265: djpeg-static-420m-islow-3_8 .......................   Passed    0.00 sec
        Start 266: djpeg-static-420m-islow-3_8-cmp
266/300 Test #266: djpeg-static-420m-islow-3_8-cmp ...................   Passed    0.00 sec
        Start 267: djpeg-static-420m-islow-1_4
267/300 Test #267: djpeg-static-420m-islow-1_4 .......................   Passed    0.00 sec
        Start 268: djpeg-static-420m-islow-1_4-cmp
268/300 Test #268: djpeg-static-420m-islow-1_4-cmp ...................   Passed    0.00 sec
        Start 269: djpeg-static-420m-islow-1_8
269/300 Test #269: djpeg-static-420m-islow-1_8 .......................   Passed    0.00 sec
        Start 270: djpeg-static-420m-islow-1_8-cmp
270/300 Test #270: djpeg-static-420m-islow-1_8-cmp ...................   Passed    0.00 sec
        Start 271: djpeg-static-420-islow-256
271/300 Test #271: djpeg-static-420-islow-256 ........................   Passed    0.01 sec
        Start 272: djpeg-static-420-islow-256-cmp
272/300 Test #272: djpeg-static-420-islow-256-cmp ....................   Passed    0.00 sec
        Start 273: djpeg-static-420-islow-565
273/300 Test #273: djpeg-static-420-islow-565 ........................   Passed    0.00 sec
        Start 274: djpeg-static-420-islow-565-cmp
274/300 Test #274: djpeg-static-420-islow-565-cmp ....................   Passed    0.00 sec
        Start 275: djpeg-static-420-islow-565D
275/300 Test #275: djpeg-static-420-islow-565D .......................   Passed    0.00 sec
        Start 276: djpeg-static-420-islow-565D-cmp
276/300 Test #276: djpeg-static-420-islow-565D-cmp ...................   Passed    0.00 sec
        Start 277: djpeg-static-420m-islow-565
277/300 Test #277: djpeg-static-420m-islow-565 .......................   Passed    0.00 sec
        Start 278: djpeg-static-420m-islow-565-cmp
278/300 Test #278: djpeg-static-420m-islow-565-cmp ...................   Passed    0.00 sec
        Start 279: djpeg-static-420m-islow-565D
279/300 Test #279: djpeg-static-420m-islow-565D ......................   Passed    0.00 sec
        Start 280: djpeg-static-420m-islow-565D-cmp
280/300 Test #280: djpeg-static-420m-islow-565D-cmp ..................   Passed    0.00 sec
        Start 281: djpeg-static-420-islow-skip15_31
281/300 Test #281: djpeg-static-420-islow-skip15_31 ..................   Passed    0.00 sec
        Start 282: djpeg-static-420-islow-skip15_31-cmp
282/300 Test #282: djpeg-static-420-islow-skip15_31-cmp ..............   Passed    0.00 sec
        Start 283: djpeg-static-420-islow-ari-skip16_139
283/300 Test #283: djpeg-static-420-islow-ari-skip16_139 .............   Passed    0.00 sec
        Start 284: djpeg-static-420-islow-ari-skip16_139-cmp
284/300 Test #284: djpeg-static-420-islow-ari-skip16_139-cmp .........   Passed    0.00 sec
        Start 285: cjpeg-static-420-islow-prog
285/300 Test #285: cjpeg-static-420-islow-prog .......................   Passed    0.00 sec
        Start 286: djpeg-static-420-islow-prog-crop62x62_71_71
286/300 Test #286: djpeg-static-420-islow-prog-crop62x62_71_71 .......   Passed    0.00 sec
        Start 287: djpeg-static-420-islow-prog-crop62x62_71_71-cmp
287/300 Test #287: djpeg-static-420-islow-prog-crop62x62_71_71-cmp ...   Passed    0.00 sec
        Start 288: djpeg-static-420-islow-ari-crop53x53_4_4
288/300 Test #288: djpeg-static-420-islow-ari-crop53x53_4_4 ..........   Passed    0.00 sec
        Start 289: djpeg-static-420-islow-ari-crop53x53_4_4-cmp
289/300 Test #289: djpeg-static-420-islow-ari-crop53x53_4_4-cmp ......   Passed    0.00 sec
        Start 290: cjpeg-static-444-islow
290/300 Test #290: cjpeg-static-444-islow ............................   Passed    0.00 sec
        Start 291: djpeg-static-444-islow-skip1_6
291/300 Test #291: djpeg-static-444-islow-skip1_6 ....................   Passed    0.00 sec
        Start 292: djpeg-static-444-islow-skip1_6-cmp
292/300 Test #292: djpeg-static-444-islow-skip1_6-cmp ................   Passed    0.00 sec
        Start 293: cjpeg-static-444-islow-prog
293/300 Test #293: cjpeg-static-444-islow-prog .......................   Passed    0.01 sec
        Start 294: djpeg-static-444-islow-prog-crop98x98_13_13
294/300 Test #294: djpeg-static-444-islow-prog-crop98x98_13_13 .......   Passed    0.00 sec
        Start 295: djpeg-static-444-islow-prog-crop98x98_13_13-cmp
295/300 Test #295: djpeg-static-444-islow-prog-crop98x98_13_13-cmp ...   Passed    0.00 sec
        Start 296: cjpeg-static-444-islow-ari
296/300 Test #296: cjpeg-static-444-islow-ari ........................   Passed    0.00 sec
        Start 297: djpeg-static-444-islow-ari-crop37x37_0_0
297/300 Test #297: djpeg-static-444-islow-ari-crop37x37_0_0 ..........   Passed    0.00 sec
        Start 298: djpeg-static-444-islow-ari-crop37x37_0_0-cmp
298/300 Test #298: djpeg-static-444-islow-ari-crop37x37_0_0-cmp ......   Passed    0.00 sec
        Start 299: jpegtran-static-crop
299/300 Test #299: jpegtran-static-crop ..............................   Passed    0.00 sec
        Start 300: jpegtran-static-crop-cmp
300/300 Test #300: jpegtran-static-crop-cmp ..........................   Passed    0.00 sec

100% tests passed, 0 tests failed out of 300

Total Test time (real) =  33.43 sec
